<?xml version="1.0" encoding="UTF-8"?>
<!-- Generated by org.testng.reporters.JUnitXMLReporter -->
<testsuite ignored="0" hostname="DESKTOP-8HI544M" failures="0" tests="7" name="Login" time="19.413" errors="0" timestamp="2024-07-18T16:41:31 IST">
  <testcase classname="testCases.TC2_invalidUser_invalidPassword" name="test_invalidUser_invalidPassword" time="0.974"/>
  <testcase classname="testCases.TC1_validUser_validPassword" name="test_validUser_validPassword" time="0.862"/>
  <testcase classname="testCases.TC3_emptyUser_emptyPassword" name="testemptyUser_emptyPassword" time="0.788"/>
  <testcase classname="testCases.TC4_validUser_emptyPassword" name="test_validUser_emptyPassword" time="0.667"/>
  <testcase classname="testCases.TC6_validUser_invalidPassword" name="test_validUser_invalidPassword" time="0.707"/>
  <testcase classname="testCases.TC5_emptyUser_validPassword" name="test_emptyUser_validPassword" time="0.828"/>
  <testcase classname="testCases.TC7_invalidUser_validPassword" name="test_invalidUser_validPassword" time="0.459"/>
</testsuite> <!-- Login -->
