<?xml version="1.0" encoding="UTF-8"?>
<testng-results ignored="0" total="7" passed="7" failed="0" skipped="0">
  <reporter-output>
  </reporter-output>
  <suite started-at="2024-07-18T16:41:12 IST" name="Suite" finished-at="2024-07-18T16:41:31 IST" duration-ms="19413">
    <groups>
    </groups>
    <test started-at="2024-07-18T16:41:12 IST" name="Login" finished-at="2024-07-18T16:41:31 IST" duration-ms="19413">
      <class name="testCases.TC7_invalidUser_validPassword">
        <test-method is-config="true" signature="preCondition(java.lang.String,java.lang.String)[pri:0, instance:testCases.TC7_invalidUser_validPassword@e350b40]" started-at="2024-07-18T16:41:28 IST" name="preCondition" finished-at="2024-07-18T16:41:30 IST" duration-ms="2045" status="PASS">
          <params>
            <param index="0">
              <value>
                <![CDATA[http://localhost:8080/]]>
              </value>
            </param>
            <param index="1">
              <value>
                <![CDATA[chrome]]>
              </value>
            </param>
          </params>
          <reporter-output>
          </reporter-output>
        </test-method> <!-- preCondition -->
        <test-method signature="test_invalidUser_validPassword()[pri:0, instance:testCases.TC7_invalidUser_validPassword@e350b40]" started-at="2024-07-18T16:41:30 IST" name="test_invalidUser_validPassword" finished-at="2024-07-18T16:41:31 IST" duration-ms="459" status="PASS">
          <reporter-output>
          </reporter-output>
        </test-method> <!-- test_invalidUser_validPassword -->
        <test-method is-config="true" signature="postCondition()[pri:0, instance:testCases.TC7_invalidUser_validPassword@e350b40]" started-at="2024-07-18T16:41:31 IST" name="postCondition" finished-at="2024-07-18T16:41:31 IST" duration-ms="282" status="PASS">
          <reporter-output>
          </reporter-output>
        </test-method> <!-- postCondition -->
      </class> <!-- testCases.TC7_invalidUser_validPassword -->
      <class name="testCases.TC5_emptyUser_validPassword">
        <test-method is-config="true" signature="preCondition(java.lang.String,java.lang.String)[pri:0, instance:testCases.TC5_emptyUser_validPassword@4b45a2f5]" started-at="2024-07-18T16:41:24 IST" name="preCondition" finished-at="2024-07-18T16:41:27 IST" duration-ms="3425" status="PASS">
          <params>
            <param index="0">
              <value>
                <![CDATA[http://localhost:8080/]]>
              </value>
            </param>
            <param index="1">
              <value>
                <![CDATA[chrome]]>
              </value>
            </param>
          </params>
          <reporter-output>
          </reporter-output>
        </test-method> <!-- preCondition -->
        <test-method signature="test_emptyUser_validPassword()[pri:0, instance:testCases.TC5_emptyUser_validPassword@4b45a2f5]" started-at="2024-07-18T16:41:27 IST" name="test_emptyUser_validPassword" finished-at="2024-07-18T16:41:28 IST" duration-ms="828" status="PASS">
          <reporter-output>
          </reporter-output>
        </test-method> <!-- test_emptyUser_validPassword -->
        <test-method is-config="true" signature="postCondition()[pri:0, instance:testCases.TC5_emptyUser_validPassword@4b45a2f5]" started-at="2024-07-18T16:41:28 IST" name="postCondition" finished-at="2024-07-18T16:41:28 IST" duration-ms="438" status="PASS">
          <reporter-output>
          </reporter-output>
        </test-method> <!-- postCondition -->
      </class> <!-- testCases.TC5_emptyUser_validPassword -->
      <class name="testCases.TC6_validUser_invalidPassword">
        <test-method is-config="true" signature="preCondition(java.lang.String,java.lang.String)[pri:0, instance:testCases.TC6_validUser_invalidPassword@f09733f]" started-at="2024-07-18T16:41:24 IST" name="preCondition" finished-at="2024-07-18T16:41:27 IST" duration-ms="3338" status="PASS">
          <params>
            <param index="0">
              <value>
                <![CDATA[http://localhost:8080/]]>
              </value>
            </param>
            <param index="1">
              <value>
                <![CDATA[chrome]]>
              </value>
            </param>
          </params>
          <reporter-output>
          </reporter-output>
        </test-method> <!-- preCondition -->
        <test-method signature="test_validUser_invalidPassword()[pri:0, instance:testCases.TC6_validUser_invalidPassword@f09733f]" started-at="2024-07-18T16:41:27 IST" name="test_validUser_invalidPassword" finished-at="2024-07-18T16:41:28 IST" duration-ms="707" status="PASS">
          <reporter-output>
          </reporter-output>
        </test-method> <!-- test_validUser_invalidPassword -->
        <test-method is-config="true" signature="postCondition()[pri:0, instance:testCases.TC6_validUser_invalidPassword@f09733f]" started-at="2024-07-18T16:41:28 IST" name="postCondition" finished-at="2024-07-18T16:41:28 IST" duration-ms="532" status="PASS">
          <reporter-output>
          </reporter-output>
        </test-method> <!-- postCondition -->
      </class> <!-- testCases.TC6_validUser_invalidPassword -->
      <class name="testCases.TC3_emptyUser_emptyPassword">
        <test-method is-config="true" signature="preCondition(java.lang.String,java.lang.String)[pri:0, instance:testCases.TC3_emptyUser_emptyPassword@791f145a]" started-at="2024-07-18T16:41:19 IST" name="preCondition" finished-at="2024-07-18T16:41:22 IST" duration-ms="3223" status="PASS">
          <params>
            <param index="0">
              <value>
                <![CDATA[http://localhost:8080/]]>
              </value>
            </param>
            <param index="1">
              <value>
                <![CDATA[chrome]]>
              </value>
            </param>
          </params>
          <reporter-output>
          </reporter-output>
        </test-method> <!-- preCondition -->
        <test-method signature="testemptyUser_emptyPassword()[pri:0, instance:testCases.TC3_emptyUser_emptyPassword@791f145a]" started-at="2024-07-18T16:41:22 IST" name="testemptyUser_emptyPassword" finished-at="2024-07-18T16:41:23 IST" duration-ms="788" status="PASS">
          <reporter-output>
          </reporter-output>
        </test-method> <!-- testemptyUser_emptyPassword -->
        <test-method is-config="true" signature="postCondition()[pri:0, instance:testCases.TC3_emptyUser_emptyPassword@791f145a]" started-at="2024-07-18T16:41:23 IST" name="postCondition" finished-at="2024-07-18T16:41:24 IST" duration-ms="983" status="PASS">
          <reporter-output>
          </reporter-output>
        </test-method> <!-- postCondition -->
      </class> <!-- testCases.TC3_emptyUser_emptyPassword -->
      <class name="testCases.TC1_validUser_validPassword">
        <test-method is-config="true" signature="preCondition(java.lang.String,java.lang.String)[pri:0, instance:testCases.TC1_validUser_validPassword@6253c26]" started-at="2024-07-18T16:41:12 IST" name="preCondition" finished-at="2024-07-18T16:41:17 IST" duration-ms="5447" status="PASS">
          <params>
            <param index="0">
              <value>
                <![CDATA[http://localhost:8080/]]>
              </value>
            </param>
            <param index="1">
              <value>
                <![CDATA[chrome]]>
              </value>
            </param>
          </params>
          <reporter-output>
          </reporter-output>
        </test-method> <!-- preCondition -->
        <test-method signature="test_validUser_validPassword()[pri:0, instance:testCases.TC1_validUser_validPassword@6253c26]" started-at="2024-07-18T16:41:17 IST" name="test_validUser_validPassword" finished-at="2024-07-18T16:41:18 IST" duration-ms="862" status="PASS">
          <reporter-output>
          </reporter-output>
        </test-method> <!-- test_validUser_validPassword -->
        <test-method is-config="true" signature="postCondition()[pri:0, instance:testCases.TC1_validUser_validPassword@6253c26]" started-at="2024-07-18T16:41:18 IST" name="postCondition" finished-at="2024-07-18T16:41:19 IST" duration-ms="668" status="PASS">
          <reporter-output>
          </reporter-output>
        </test-method> <!-- postCondition -->
      </class> <!-- testCases.TC1_validUser_validPassword -->
      <class name="testCases.TC4_validUser_emptyPassword">
        <test-method is-config="true" signature="preCondition(java.lang.String,java.lang.String)[pri:0, instance:testCases.TC4_validUser_emptyPassword@38cee291]" started-at="2024-07-18T16:41:19 IST" name="preCondition" finished-at="2024-07-18T16:41:23 IST" duration-ms="3776" status="PASS">
          <params>
            <param index="0">
              <value>
                <![CDATA[http://localhost:8080/]]>
              </value>
            </param>
            <param index="1">
              <value>
                <![CDATA[chrome]]>
              </value>
            </param>
          </params>
          <reporter-output>
          </reporter-output>
        </test-method> <!-- preCondition -->
        <test-method signature="test_validUser_emptyPassword()[pri:0, instance:testCases.TC4_validUser_emptyPassword@38cee291]" started-at="2024-07-18T16:41:23 IST" name="test_validUser_emptyPassword" finished-at="2024-07-18T16:41:23 IST" duration-ms="667" status="PASS">
          <reporter-output>
          </reporter-output>
        </test-method> <!-- test_validUser_emptyPassword -->
        <test-method is-config="true" signature="postCondition()[pri:0, instance:testCases.TC4_validUser_emptyPassword@38cee291]" started-at="2024-07-18T16:41:23 IST" name="postCondition" finished-at="2024-07-18T16:41:24 IST" duration-ms="446" status="PASS">
          <reporter-output>
          </reporter-output>
        </test-method> <!-- postCondition -->
      </class> <!-- testCases.TC4_validUser_emptyPassword -->
      <class name="testCases.TC2_invalidUser_invalidPassword">
        <test-method is-config="true" signature="preCondition(java.lang.String,java.lang.String)[pri:0, instance:testCases.TC2_invalidUser_invalidPassword@1e0b4072]" started-at="2024-07-18T16:41:12 IST" name="preCondition" finished-at="2024-07-18T16:41:17 IST" duration-ms="5025" status="PASS">
          <params>
            <param index="0">
              <value>
                <![CDATA[http://localhost:8080/]]>
              </value>
            </param>
            <param index="1">
              <value>
                <![CDATA[chrome]]>
              </value>
            </param>
          </params>
          <reporter-output>
          </reporter-output>
        </test-method> <!-- preCondition -->
        <test-method signature="test_invalidUser_invalidPassword()[pri:0, instance:testCases.TC2_invalidUser_invalidPassword@1e0b4072]" started-at="2024-07-18T16:41:17 IST" name="test_invalidUser_invalidPassword" finished-at="2024-07-18T16:41:18 IST" duration-ms="974" status="PASS">
          <reporter-output>
          </reporter-output>
        </test-method> <!-- test_invalidUser_invalidPassword -->
        <test-method is-config="true" signature="postCondition()[pri:0, instance:testCases.TC2_invalidUser_invalidPassword@1e0b4072]" started-at="2024-07-18T16:41:18 IST" name="postCondition" finished-at="2024-07-18T16:41:19 IST" duration-ms="1025" status="PASS">
          <reporter-output>
          </reporter-output>
        </test-method> <!-- postCondition -->
      </class> <!-- testCases.TC2_invalidUser_invalidPassword -->
    </test> <!-- Login -->
  </suite> <!-- Suite -->
</testng-results>
